<?xml version="1.0" encoding="UTF-8"?>
<testng-results ignored="0" total="1" passed="1" failed="0" skipped="0">
  <reporter-output>
  </reporter-output>
  <suite started-at="2025-06-08T08:56:30 SAST" name="Default suite" finished-at="2025-06-08T08:56:30 SAST" duration-ms="81">
    <groups>
    </groups>
    <test started-at="2025-06-08T08:56:30 SAST" name="Default test" finished-at="2025-06-08T08:56:30 SAST" duration-ms="81">
      <class name="TestNGNew.core.PS1">
        <test-method is-config="true" signature="breforeMethod()[pri:0, instance:TestNGNew.core.PS1@71809907]" started-at="2025-06-08T08:56:30 SAST" name="breforeMethod" finished-at="2025-06-08T08:56:30 SAST" duration-ms="12" status="PASS">
          <reporter-output>
          </reporter-output>
        </test-method> <!-- breforeMethod -->
        <test-method signature="testRun()[pri:0, instance:TestNGNew.core.PS1@71809907]" started-at="2025-06-08T08:56:30 SAST" name="testRun" finished-at="2025-06-08T08:56:30 SAST" duration-ms="13" status="PASS">
          <reporter-output>
          </reporter-output>
        </test-method> <!-- testRun -->
      </class> <!-- TestNGNew.core.PS1 -->
    </test> <!-- Default test -->
  </suite> <!-- Default suite -->
</testng-results>
